TN:
SF:io-collector/__tests__/utils/getEvents.ts
FN:6,(anonymous_0)
FN:10,(anonymous_1)
FNF:2
FNH:2
FNDA:15,(anonymous_0)
FNDA:15,(anonymous_1)
DA:1,1
DA:2,1
DA:4,1
DA:7,15
DA:10,1
DA:11,15
LF:6
LH:6
BRF:0
BRH:0
end_of_record
TN:
SF:io-collector/collectors/github/eventPaths.ts
FN:523,getActorProps
FN:535,getVerb
FN:553,getResult
FN:566,getEntityProps
FN:582,(anonymous_4)
FN:631,getEntityText
FN:638,processPropSet
FN:655,(anonymous_7)
FN:662,getActorVerbText
FNF:9
FNH:8
FNDA:45,getActorProps
FNDA:45,getVerb
FNDA:30,getResult
FNDA:36,getEntityProps
FNDA:2,(anonymous_4)
FNDA:6,getEntityText
FNDA:6,processPropSet
FNDA:0,(anonymous_7)
FNDA:30,getActorVerbText
DA:1,1
DA:37,1
DA:42,1
DA:49,1
DA:65,1
DA:524,45
DA:526,45
DA:536,45
DA:538,45
DA:539,21
DA:540,21
DA:541,24
DA:542,24
DA:543,24
DA:545,24
DA:546,24
DA:548,0
DA:554,30
DA:556,30
DA:557,2
DA:558,28
DA:559,12
DA:560,12
DA:562,16
DA:573,36
DA:579,36
DA:580,36
DA:581,2
DA:582,2
DA:592,34
DA:595,4
DA:608,30
DA:609,30
DA:623,36
DA:636,6
DA:639,6
DA:640,6
DA:642,6
DA:653,6
DA:654,0
DA:655,0
DA:658,6
DA:666,30
DA:667,30
DA:669,30
LF:45
LH:42
BRDA:538,0,0,21
BRDA:538,0,1,24
BRDA:540,1,0,21
BRDA:540,1,1,21
BRDA:541,2,0,24
BRDA:541,2,1,0
BRDA:545,3,0,24
BRDA:545,3,1,0
BRDA:553,4,0,15
BRDA:556,5,0,2
BRDA:556,5,1,28
BRDA:558,6,0,12
BRDA:558,6,1,16
BRDA:560,7,0,6
BRDA:560,7,1,6
BRDA:562,8,0,8
BRDA:562,8,1,8
BRDA:579,9,0,36
BRDA:579,9,1,0
BRDA:580,10,0,2
BRDA:580,10,1,34
BRDA:589,11,0,2
BRDA:589,11,1,2
BRDA:592,12,0,4
BRDA:592,12,1,30
BRDA:601,13,0,4
BRDA:601,13,1,4
BRDA:614,14,0,30
BRDA:614,14,1,30
BRDA:634,15,0,6
BRDA:643,16,0,4
BRDA:643,16,1,2
BRDA:644,17,0,0
BRDA:644,17,1,6
BRDA:644,18,0,6
BRDA:644,18,1,2
BRDA:645,19,0,0
BRDA:645,19,1,6
BRDA:645,20,0,6
BRDA:645,20,1,0
BRDA:646,21,0,6
BRDA:646,21,1,4
BRDA:646,21,2,2
BRDA:647,22,0,0
BRDA:647,22,1,6
BRDA:647,23,0,6
BRDA:647,23,1,0
BRDA:648,24,0,0
BRDA:648,24,1,6
BRDA:648,25,0,6
BRDA:648,25,1,0
BRDA:653,26,0,0
BRDA:653,26,1,6
BRDA:664,27,0,15
BRDA:669,28,0,15
BRDA:669,28,1,15
BRDA:669,29,0,15
BRDA:669,29,1,15
BRF:58
BRH:47
end_of_record
